2026-02-25 17:02:41 | admin | Admin | Logged In
2026-02-25 17:03:13 | admin | Admin | Logged Out
2026-02-25 17:03:16 | analyst | Analyst | Logged In
2026-02-25 17:04:31 | analyst | Analyst | Logged Out
2026-02-25 17:04:36 | admin | Admin | Logged In
2026-02-25 17:04:52 | admin | Admin | Cleared Alerts
2026-02-25 17:05:01 | admin | Admin | Logged Out
2026-02-25 17:11:45 | admin | Admin | Logged In
2026-02-25 17:11:57 | admin | Admin | Cleared Alerts
2026-02-25 17:12:12 | admin | Admin | Logged Out
2026-02-25 17:12:15 | analyst | Analyst | Logged In
2026-02-25 20:12:34 | admin | Admin | Logged In
2026-02-25 20:18:48 | admin | Admin | Logged In
2026-02-25 20:32:08 | admin | Admin | Logged In
2026-02-25 20:32:35 | analyst | Analyst | Logged In
2026-02-25 20:32:41 | analyst | Analyst | Logged Out
2026-02-25 20:43:11 | admin | Admin | Logged In
2026-02-25 21:12:57 | admin | Admin | Logged In
2026-02-25 21:13:28 | admin | Admin | Logged Out
2026-02-25 21:13:36 | analyst | Analyst | Logged In
2026-02-26 09:08:24 | admin | Admin | Logged In
2026-02-26 09:08:38 | admin | Admin | Logged Out
2026-02-26 09:08:43 | analyst | Analyst | Logged In
2026-02-26 09:08:53 | analyst | Analyst | Logged Out
2026-02-26 09:08:59 | admin | Admin | Logged In
2026-02-26 10:01:51 | admin | Admin | Logged In
2026-02-26 10:02:05 | admin | Admin | Logged Out
2026-02-26 10:02:13 | analyst | Analyst | Logged In
2026-02-26 10:05:56 | analyst | Analyst | Logged In
2026-02-26 10:07:10 | analyst | Analyst | Logged Out
2026-02-26 10:07:16 | admin | Admin | Logged In
